<?xml version="1.0" encoding="UTF-8"?>
<testng-results ignored="0" total="1" passed="1" failed="0" skipped="0">
  <reporter-output>
  </reporter-output>
  <suite started-at="2023-11-27T15:24:56 IST" name="Surefire suite" finished-at="2023-11-27T15:25:07 IST" duration-ms="10609">
    <groups>
    </groups>
    <test started-at="2023-11-27T15:24:56 IST" name="Surefire test" finished-at="2023-11-27T15:25:07 IST" duration-ms="10609">
      <class name="Academy.BrowserTest">
        <test-method signature="getData() throws java.lang.InterruptedException" started-at="2023-11-27T15:24:56 IST" name="getData" finished-at="2023-11-27T15:25:07 IST" duration-ms="10548" status="PASS">
          <reporter-output>
          </reporter-output>
        </test-method> <!-- getData -->
      </class> <!-- Academy.BrowserTest -->
    </test> <!-- Surefire test -->
  </suite> <!-- Surefire suite -->
</testng-results>
